# JRE version: OpenJDK Runtime Environment (8.0_202-b03) (build 1.8.0_202-release-1483-b03)
# Java VM: OpenJDK 64-Bit Server VM (25.202-b03 mixed mode windows-amd64 compressed oops)
Heap:
 PSYoungGen      total 246272K, used 191027K [0x00000000e0000000, 0x00000000f2080000, 0x0000000100000000)
  eden space 201216K, 90% used [0x00000000e0000000,0x00000000eb143a48,0x00000000ec480000)
  from space 45056K, 21% used [0x00000000ec480000,0x00000000ecdc9330,0x00000000ef080000)
  to   space 45568K, 0% used [0x00000000ef400000,0x00000000ef400000,0x00000000f2080000)
 ParOldGen       total 469504K, used 98429K [0x00000000a0000000, 0x00000000bca80000, 0x00000000e0000000)
  object space 469504K, 20% used [0x00000000a0000000,0x00000000a601f508,0x00000000bca80000)
 Metaspace       used 112958K, capacity 121292K, committed 121548K, reserved 1155072K
  class space    used 14705K, capacity 16093K, committed 16128K, reserved 1048576K
GC Heap History (10 events):
Event: 5433.975 GC heap before
{Heap before GC invocations=41 (full 4):
 PSYoungGen      total 239104K, used 223192K [0x00000000e0000000, 0x00000000f1880000, 0x0000000100000000)
  eden space 192000K, 100% used [0x00000000e0000000,0x00000000ebb80000,0x00000000ebb80000)
  from space 47104K, 66% used [0x00000000eea80000,0x00000000f08f6110,0x00000000f1880000)
  to   space 47616K, 0% used [0x00000000ebb80000,0x00000000ebb80000,0x00000000eea00000)
 ParOldGen       total 469504K, used 90495K [0x00000000a0000000, 0x00000000bca80000, 0x00000000e0000000)
  object space 469504K, 19% used [0x00000000a0000000,0x00000000a585ff40,0x00000000bca80000)
 Metaspace       used 110948K, capacity 117514K, committed 117836K, reserved 1150976K
  class space    used 14455K, capacity 15638K, committed 15744K, reserved 1048576K
Event: 5434.008 GC heap after
Heap after GC invocations=41 (full 4):
 PSYoungGen      total 239616K, used 30734K [0x00000000e0000000, 0x00000000f1d80000, 0x0000000100000000)
  eden space 192000K, 0% used [0x00000000e0000000,0x00000000e0000000,0x00000000ebb80000)
  from space 47616K, 64% used [0x00000000ebb80000,0x00000000ed983878,0x00000000eea00000)
  to   space 47616K, 0% used [0x00000000eef00000,0x00000000eef00000,0x00000000f1d80000)
 ParOldGen       total 469504K, used 93952K [0x00000000a0000000, 0x00000000bca80000, 0x00000000e0000000)
  object space 469504K, 20% used [0x00000000a0000000,0x00000000a5bc02f0,0x00000000bca80000)
 Metaspace       used 110948K, capacity 117514K, committed 117836K, reserved 1150976K
  class space    used 14455K, capacity 15638K, committed 15744K, reserved 1048576K
}
Event: 5447.058 GC heap before
{Heap before GC invocations=42 (full 4):
 PSYoungGen      total 239616K, used 222734K [0x00000000e0000000, 0x00000000f1d80000, 0x0000000100000000)
  eden space 192000K, 100% used [0x00000000e0000000,0x00000000ebb80000,0x00000000ebb80000)
  from space 47616K, 64% used [0x00000000ebb80000,0x00000000ed983878,0x00000000eea00000)
  to   space 47616K, 0% used [0x00000000eef00000,0x00000000eef00000,0x00000000f1d80000)
 ParOldGen       total 469504K, used 93952K [0x00000000a0000000, 0x00000000bca80000, 0x00000000e0000000)
  object space 469504K, 20% used [0x00000000a0000000,0x00000000a5bc02f0,0x00000000bca80000)
 Metaspace       used 111329K, capacity 117912K, committed 118092K, reserved 1150976K
  class space    used 14463K, capacity 15651K, committed 15744K, reserved 1048576K
Event: 5447.091 GC heap after
Heap after GC invocations=42 (full 4):
 PSYoungGen      total 244224K, used 32057K [0x00000000e0000000, 0x00000000f1e00000, 0x0000000100000000)
  eden space 196608K, 0% used [0x00000000e0000000,0x00000000e0000000,0x00000000ec000000)
  from space 47616K, 67% used [0x00000000eef00000,0x00000000f0e4e420,0x00000000f1d80000)
  to   space 48128K, 0% used [0x00000000ec000000,0x00000000ec000000,0x00000000eef00000)
 ParOldGen       total 469504K, used 97133K [0x00000000a0000000, 0x00000000bca80000, 0x00000000e0000000)
  object space 469504K, 20% used [0x00000000a0000000,0x00000000a5edb4b8,0x00000000bca80000)
 Metaspace       used 111329K, capacity 117912K, committed 118092K, reserved 1150976K
  class space    used 14463K, capacity 15651K, committed 15744K, reserved 1048576K
}
Event: 5876.789 GC heap before
{Heap before GC invocations=43 (full 4):
 PSYoungGen      total 244224K, used 228665K [0x00000000e0000000, 0x00000000f1e00000, 0x0000000100000000)
  eden space 196608K, 100% used [0x00000000e0000000,0x00000000ec000000,0x00000000ec000000)
  from space 47616K, 67% used [0x00000000eef00000,0x00000000f0e4e420,0x00000000f1d80000)
  to   space 48128K, 0% used [0x00000000ec000000,0x00000000ec000000,0x00000000eef00000)
 ParOldGen       total 469504K, used 97133K [0x00000000a0000000, 0x00000000bca80000, 0x00000000e0000000)
  object space 469504K, 20% used [0x00000000a0000000,0x00000000a5edb4b8,0x00000000bca80000)
 Metaspace       used 111793K, capacity 118584K, committed 118860K, reserved 1153024K
  class space    used 14482K, capacity 15685K, committed 15744K, reserved 1048576K
Event: 5876.809 GC heap after
Heap after GC invocations=43 (full 4):
 PSYoungGen      total 244736K, used 23078K [0x00000000e0000000, 0x00000000f1e80000, 0x0000000100000000)
  eden space 196608K, 0% used [0x00000000e0000000,0x00000000e0000000,0x00000000ec000000)
  from space 48128K, 47% used [0x00000000ec000000,0x00000000ed6899b0,0x00000000eef00000)
  to   space 46592K, 0% used [0x00000000ef100000,0x00000000ef100000,0x00000000f1e80000)
 ParOldGen       total 469504K, used 98153K [0x00000000a0000000, 0x00000000bca80000, 0x00000000e0000000)
  object space 469504K, 20% used [0x00000000a0000000,0x00000000a5fda4c8,0x00000000bca80000)
 Metaspace       used 111793K, capacity 118584K, committed 118860K, reserved 1153024K
  class space    used 14482K, capacity 15685K, committed 15744K, reserved 1048576K
}
Event: 5880.427 GC heap before
{Heap before GC invocations=44 (full 4):
 PSYoungGen      total 244736K, used 219686K [0x00000000e0000000, 0x00000000f1e80000, 0x0000000100000000)
  eden space 196608K, 100% used [0x00000000e0000000,0x00000000ec000000,0x00000000ec000000)
  from space 48128K, 47% used [0x00000000ec000000,0x00000000ed6899b0,0x00000000eef00000)
  to   space 46592K, 0% used [0x00000000ef100000,0x00000000ef100000,0x00000000f1e80000)
 ParOldGen       total 469504K, used 98153K [0x00000000a0000000, 0x00000000bca80000, 0x00000000e0000000)
  object space 469504K, 20% used [0x00000000a0000000,0x00000000a5fda4c8,0x00000000bca80000)
 Metaspace       used 111984K, capacity 119046K, committed 119244K, reserved 1153024K
  class space    used 14524K, capacity 15762K, committed 15872K, reserved 1048576K
Event: 5880.445 GC heap after
Heap after GC invocations=44 (full 4):
 PSYoungGen      total 245760K, used 20072K [0x00000000e0000000, 0x00000000f1c80000, 0x0000000100000000)
  eden space 201216K, 0% used [0x00000000e0000000,0x00000000e0000000,0x00000000ec480000)
  from space 44544K, 45% used [0x00000000ef100000,0x00000000f049a180,0x00000000f1c80000)
  to   space 45056K, 0% used [0x00000000ec480000,0x00000000ec480000,0x00000000ef080000)
 ParOldGen       total 469504K, used 98225K [0x00000000a0000000, 0x00000000bca80000, 0x00000000e0000000)
  object space 469504K, 20% used [0x00000000a0000000,0x00000000a5fec4c8,0x00000000bca80000)
 Metaspace       used 111984K, capacity 119046K, committed 119244K, reserved 1153024K
  class space    used 14524K, capacity 15762K, committed 15872K, reserved 1048576K
}
Event: 6000.073 GC heap before
{Heap before GC invocations=45 (full 4):
 PSYoungGen      total 245760K, used 221288K [0x00000000e0000000, 0x00000000f1c80000, 0x0000000100000000)
  eden space 201216K, 100% used [0x00000000e0000000,0x00000000ec480000,0x00000000ec480000)
  from space 44544K, 45% used [0x00000000ef100000,0x00000000f049a180,0x00000000f1c80000)
  to   space 45056K, 0% used [0x00000000ec480000,0x00000000ec480000,0x00000000ef080000)
 ParOldGen       total 469504K, used 98225K [0x00000000a0000000, 0x00000000bca80000, 0x00000000e0000000)
  object space 469504K, 20% used [0x00000000a0000000,0x00000000a5fec4c8,0x00000000bca80000)
 Metaspace       used 112890K, capacity 121250K, committed 121292K, reserved 1155072K
  class space    used 14700K, capacity 16086K, committed 16128K, reserved 1048576K
Event: 6000.083 GC heap after
Heap after GC invocations=45 (full 4):
 PSYoungGen      total 246272K, used 9508K [0x00000000e0000000, 0x00000000f2080000, 0x0000000100000000)
  eden space 201216K, 0% used [0x00000000e0000000,0x00000000e0000000,0x00000000ec480000)
  from space 45056K, 21% used [0x00000000ec480000,0x00000000ecdc9330,0x00000000ef080000)
  to   space 45568K, 0% used [0x00000000ef400000,0x00000000ef400000,0x00000000f2080000)
 ParOldGen       total 469504K, used 98429K [0x00000000a0000000, 0x00000000bca80000, 0x00000000e0000000)
  object space 469504K, 20% used [0x00000000a0000000,0x00000000a601f508,0x00000000bca80000)
 Metaspace       used 112890K, capacity 121250K, committed 121292K, reserved 1155072K
  class space    used 14700K, capacity 16086K, committed 16128K, reserved 1048576K
}

